DEBUG http-nio-8088-exec-1 com.nutriadvisor.accountservice.controllers.RoleController -Get all roles
DEBUG http-nio-8088-exec-1 com.nutriadvisor.accountservice.controllers.UserAccountController -Get all users
DEBUG http-nio-8088-exec-2 com.nutriadvisor.accountservice.controllers.UserAccountController -Get all users
DEBUG http-nio-8088-exec-5 com.nutriadvisor.accountservice.controllers.UserAccountController -Get all users
DEBUG http-nio-8088-exec-3 com.nutriadvisor.accountservice.controllers.RoleController -Get  role by id
DEBUG http-nio-8088-exec-2 com.nutriadvisor.accountservice.controllers.RoleController -Get  role by id
DEBUG main com.nutriadvisor.accountservice.controllers.RoleController -Get all roles
DEBUG main com.nutriadvisor.accountservice.controllers.RoleController -Get  role by id
DEBUG main com.nutriadvisor.accountservice.controllers.RoleController -Get  role by id
DEBUG main com.nutriadvisor.accountservice.controllers.RoleController -Get  role by id
DEBUG main com.nutriadvisor.accountservice.controllers.RoleController -Get  role by id
DEBUG main com.nutriadvisor.accountservice.controllers.RoleController -Get  role by id
DEBUG http-nio-8088-exec-6 com.nutriadvisor.accountservice.controllers.RoleController -Get all roles
DEBUG http-nio-8088-exec-7 com.nutriadvisor.accountservice.controllers.RoleController -Get  role by id
DEBUG main com.nutriadvisor.accountservice.controllers.RoleController -Get  role by id
DEBUG main com.nutriadvisor.accountservice.controllers.RoleController -Get  role by id
DEBUG main com.nutriadvisor.accountservice.controllers.RoleController -Get  role by id
DEBUG main com.nutriadvisor.accountservice.controllers.RoleController -Create role
DEBUG main com.nutriadvisor.accountservice.controllers.RoleController -Update role
DEBUG main com.nutriadvisor.accountservice.controllers.RoleController -Delete role
DEBUG main com.nutriadvisor.accountservice.controllers.RoleController -Delete role
DEBUG http-nio-8088-exec-1 com.nutriadvisor.accountservice.controllers.UserAccountController -Get user account by id
DEBUG main com.nutriadvisor.accountservice.controllers.UserAccountController -Get user account by id
DEBUG main com.nutriadvisor.accountservice.controllers.UserAccountController -Get all user accounts
DEBUG main com.nutriadvisor.accountservice.controllers.UserAccountController -Update user account
DEBUG main com.nutriadvisor.accountservice.controllers.UserAccountController -Get user account by id
DEBUG main com.nutriadvisor.accountservice.controllers.UserAccountController -Create user account
DEBUG main com.nutriadvisor.accountservice.controllers.UserAccountController -Delete user account
DEBUG main com.nutriadvisor.accountservice.controllers.UserAccountController -Get all user accounts
DEBUG main com.nutriadvisor.accountservice.controllers.UserAccountController -Update user account
DEBUG main com.nutriadvisor.accountservice.controllers.UserAccountController -Get user account by id
DEBUG main com.nutriadvisor.accountservice.controllers.UserAccountController -Create user account
DEBUG main com.nutriadvisor.accountservice.controllers.UserAccountController -Delete user account
DEBUG main com.nutriadvisor.accountservice.controllers.RoleController -Update role
DEBUG main com.nutriadvisor.accountservice.controllers.RoleController -Get  role by id
DEBUG main com.nutriadvisor.accountservice.controllers.RoleController -Create role
DEBUG main com.nutriadvisor.accountservice.controllers.RoleController -Delete role
DEBUG main com.nutriadvisor.accountservice.controllers.RoleController -Get all roles
DEBUG main com.nutriadvisor.accountservice.controllers.UserAccountController -Get all user accounts
DEBUG main com.nutriadvisor.accountservice.controllers.UserAccountController -Update user account
DEBUG main com.nutriadvisor.accountservice.controllers.UserAccountController -Get user account by id
DEBUG main com.nutriadvisor.accountservice.controllers.UserAccountController -Create user account
DEBUG main com.nutriadvisor.accountservice.controllers.UserAccountController -Delete user account
